The MPI test test_mpi for C in mode normal failed to compile with the following output:
Change Dir: /home/anxixu/SLAM/2D-SLAM/build/CMakeFiles/CMakeTmp

Run Build Command(s):/usr/bin/gmake -f Makefile cmTC_229fd/fast && /usr/bin/gmake  -f CMakeFiles/cmTC_229fd.dir/build.make CMakeFiles/cmTC_229fd.dir/build
gmake[1]: 进入目录“/home/anxixu/SLAM/2D-SLAM/build/CMakeFiles/CMakeTmp”
Building C object CMakeFiles/cmTC_229fd.dir/test_mpi.c.o
/usr/bin/cc    -o CMakeFiles/cmTC_229fd.dir/test_mpi.c.o -c /usr/share/cmake-3.22/Modules/FindMPI/test_mpi.c
/usr/share/cmake-3.22/Modules/FindMPI/test_mpi.c:1:10: fatal error: mpi.h: 没有那个文件或目录
    1 | #include <mpi.h>
      |          ^~~~~~~
compilation terminated.
gmake[1]: *** [CMakeFiles/cmTC_229fd.dir/build.make:78：CMakeFiles/cmTC_229fd.dir/test_mpi.c.o] 错误 1
gmake[1]: 离开目录“/home/anxixu/SLAM/2D-SLAM/build/CMakeFiles/CMakeTmp”
gmake: *** [Makefile:127：cmTC_229fd/fast] 错误 2



The MPI test test_mpi for C in mode normal failed to compile with the following output:
Change Dir: /home/anxixu/SLAM/2D-SLAM/build/CMakeFiles/CMakeTmp

Run Build Command(s):/usr/bin/gmake -f Makefile cmTC_d74dd/fast && /usr/bin/gmake  -f CMakeFiles/cmTC_d74dd.dir/build.make CMakeFiles/cmTC_d74dd.dir/build
gmake[1]: 进入目录“/home/anxixu/SLAM/2D-SLAM/build/CMakeFiles/CMakeTmp”
Building C object CMakeFiles/cmTC_d74dd.dir/test_mpi.c.o
/usr/bin/cc    -o CMakeFiles/cmTC_d74dd.dir/test_mpi.c.o -c /usr/share/cmake-3.22/Modules/FindMPI/test_mpi.c
/usr/share/cmake-3.22/Modules/FindMPI/test_mpi.c:1:10: fatal error: mpi.h: 没有那个文件或目录
    1 | #include <mpi.h>
      |          ^~~~~~~
compilation terminated.
gmake[1]: *** [CMakeFiles/cmTC_d74dd.dir/build.make:78：CMakeFiles/cmTC_d74dd.dir/test_mpi.c.o] 错误 1
gmake[1]: 离开目录“/home/anxixu/SLAM/2D-SLAM/build/CMakeFiles/CMakeTmp”
gmake: *** [Makefile:127：cmTC_d74dd/fast] 错误 2



The MPI test test_mpi for C in mode normal failed to compile with the following output:
Change Dir: /home/anxixu/SLAM/2D-SLAM/build/CMakeFiles/CMakeTmp

Run Build Command(s):/usr/bin/gmake -f Makefile cmTC_f1a5b/fast && /usr/bin/gmake  -f CMakeFiles/cmTC_f1a5b.dir/build.make CMakeFiles/cmTC_f1a5b.dir/build
gmake[1]: 进入目录“/home/anxixu/SLAM/2D-SLAM/build/CMakeFiles/CMakeTmp”
Building C object CMakeFiles/cmTC_f1a5b.dir/test_mpi.c.o
/usr/bin/cc    -o CMakeFiles/cmTC_f1a5b.dir/test_mpi.c.o -c /usr/share/cmake-3.22/Modules/FindMPI/test_mpi.c
/usr/share/cmake-3.22/Modules/FindMPI/test_mpi.c:1:10: fatal error: mpi.h: 没有那个文件或目录
    1 | #include <mpi.h>
      |          ^~~~~~~
compilation terminated.
gmake[1]: *** [CMakeFiles/cmTC_f1a5b.dir/build.make:78：CMakeFiles/cmTC_f1a5b.dir/test_mpi.c.o] 错误 1
gmake[1]: 离开目录“/home/anxixu/SLAM/2D-SLAM/build/CMakeFiles/CMakeTmp”
gmake: *** [Makefile:127：cmTC_f1a5b/fast] 错误 2



The MPI test test_mpi for C in mode normal failed to compile with the following output:
Change Dir: /home/anxixu/SLAM/2D-SLAM/build/CMakeFiles/CMakeTmp

Run Build Command(s):/usr/bin/gmake -f Makefile cmTC_56d89/fast && /usr/bin/gmake  -f CMakeFiles/cmTC_56d89.dir/build.make CMakeFiles/cmTC_56d89.dir/build
gmake[1]: 进入目录“/home/anxixu/SLAM/2D-SLAM/build/CMakeFiles/CMakeTmp”
Building C object CMakeFiles/cmTC_56d89.dir/test_mpi.c.o
/usr/bin/cc    -o CMakeFiles/cmTC_56d89.dir/test_mpi.c.o -c /usr/share/cmake-3.22/Modules/FindMPI/test_mpi.c
/usr/share/cmake-3.22/Modules/FindMPI/test_mpi.c:1:10: fatal error: mpi.h: 没有那个文件或目录
    1 | #include <mpi.h>
      |          ^~~~~~~
compilation terminated.
gmake[1]: *** [CMakeFiles/cmTC_56d89.dir/build.make:78：CMakeFiles/cmTC_56d89.dir/test_mpi.c.o] 错误 1
gmake[1]: 离开目录“/home/anxixu/SLAM/2D-SLAM/build/CMakeFiles/CMakeTmp”
gmake: *** [Makefile:127：cmTC_56d89/fast] 错误 2



The MPI test test_mpi for C in mode normal failed to compile with the following output:
Change Dir: /home/anxixu/SLAM/2D-SLAM/build/CMakeFiles/CMakeTmp

Run Build Command(s):/usr/bin/gmake -f Makefile cmTC_08bcd/fast && /usr/bin/gmake  -f CMakeFiles/cmTC_08bcd.dir/build.make CMakeFiles/cmTC_08bcd.dir/build
gmake[1]: 进入目录“/home/anxixu/SLAM/2D-SLAM/build/CMakeFiles/CMakeTmp”
Building C object CMakeFiles/cmTC_08bcd.dir/test_mpi.c.o
/usr/bin/cc    -o CMakeFiles/cmTC_08bcd.dir/test_mpi.c.o -c /usr/share/cmake-3.22/Modules/FindMPI/test_mpi.c
/usr/share/cmake-3.22/Modules/FindMPI/test_mpi.c:1:10: fatal error: mpi.h: 没有那个文件或目录
    1 | #include <mpi.h>
      |          ^~~~~~~
compilation terminated.
gmake[1]: *** [CMakeFiles/cmTC_08bcd.dir/build.make:78：CMakeFiles/cmTC_08bcd.dir/test_mpi.c.o] 错误 1
gmake[1]: 离开目录“/home/anxixu/SLAM/2D-SLAM/build/CMakeFiles/CMakeTmp”
gmake: *** [Makefile:127：cmTC_08bcd/fast] 错误 2



The MPI test test_mpi for C in mode normal failed to compile with the following output:
Change Dir: /home/anxixu/SLAM/2D-SLAM/build/CMakeFiles/CMakeTmp

Run Build Command(s):/usr/bin/gmake -f Makefile cmTC_48ad9/fast && /usr/bin/gmake  -f CMakeFiles/cmTC_48ad9.dir/build.make CMakeFiles/cmTC_48ad9.dir/build
gmake[1]: 进入目录“/home/anxixu/SLAM/2D-SLAM/build/CMakeFiles/CMakeTmp”
Building C object CMakeFiles/cmTC_48ad9.dir/test_mpi.c.o
/usr/bin/cc    -o CMakeFiles/cmTC_48ad9.dir/test_mpi.c.o -c /usr/share/cmake-3.22/Modules/FindMPI/test_mpi.c
/usr/share/cmake-3.22/Modules/FindMPI/test_mpi.c:1:10: fatal error: mpi.h: 没有那个文件或目录
    1 | #include <mpi.h>
      |          ^~~~~~~
compilation terminated.
gmake[1]: *** [CMakeFiles/cmTC_48ad9.dir/build.make:78：CMakeFiles/cmTC_48ad9.dir/test_mpi.c.o] 错误 1
gmake[1]: 离开目录“/home/anxixu/SLAM/2D-SLAM/build/CMakeFiles/CMakeTmp”
gmake: *** [Makefile:127：cmTC_48ad9/fast] 错误 2



The MPI test test_mpi for C in mode normal failed to compile with the following output:
Change Dir: /home/anxixu/SLAM/2D-SLAM/build/CMakeFiles/CMakeTmp

Run Build Command(s):/usr/bin/gmake -f Makefile cmTC_eec2c/fast && /usr/bin/gmake  -f CMakeFiles/cmTC_eec2c.dir/build.make CMakeFiles/cmTC_eec2c.dir/build
gmake[1]: 进入目录“/home/anxixu/SLAM/2D-SLAM/build/CMakeFiles/CMakeTmp”
Building C object CMakeFiles/cmTC_eec2c.dir/test_mpi.c.o
/usr/bin/cc    -o CMakeFiles/cmTC_eec2c.dir/test_mpi.c.o -c /usr/share/cmake-3.22/Modules/FindMPI/test_mpi.c
/usr/share/cmake-3.22/Modules/FindMPI/test_mpi.c:1:10: fatal error: mpi.h: 没有那个文件或目录
    1 | #include <mpi.h>
      |          ^~~~~~~
compilation terminated.
gmake[1]: *** [CMakeFiles/cmTC_eec2c.dir/build.make:78：CMakeFiles/cmTC_eec2c.dir/test_mpi.c.o] 错误 1
gmake[1]: 离开目录“/home/anxixu/SLAM/2D-SLAM/build/CMakeFiles/CMakeTmp”
gmake: *** [Makefile:127：cmTC_eec2c/fast] 错误 2



The MPI test test_mpi for C in mode normal failed to compile with the following output:
Change Dir: /home/anxixu/SLAM/2D-SLAM/build/CMakeFiles/CMakeTmp

Run Build Command(s):/usr/bin/gmake -f Makefile cmTC_e15e0/fast && /usr/bin/gmake  -f CMakeFiles/cmTC_e15e0.dir/build.make CMakeFiles/cmTC_e15e0.dir/build
gmake[1]: 进入目录“/home/anxixu/SLAM/2D-SLAM/build/CMakeFiles/CMakeTmp”
Building C object CMakeFiles/cmTC_e15e0.dir/test_mpi.c.o
/usr/bin/cc    -o CMakeFiles/cmTC_e15e0.dir/test_mpi.c.o -c /usr/share/cmake-3.22/Modules/FindMPI/test_mpi.c
/usr/share/cmake-3.22/Modules/FindMPI/test_mpi.c:1:10: fatal error: mpi.h: 没有那个文件或目录
    1 | #include <mpi.h>
      |          ^~~~~~~
compilation terminated.
gmake[1]: *** [CMakeFiles/cmTC_e15e0.dir/build.make:78：CMakeFiles/cmTC_e15e0.dir/test_mpi.c.o] 错误 1
gmake[1]: 离开目录“/home/anxixu/SLAM/2D-SLAM/build/CMakeFiles/CMakeTmp”
gmake: *** [Makefile:127：cmTC_e15e0/fast] 错误 2



The MPI test test_mpi for C in mode normal failed to compile with the following output:
Change Dir: /home/anxixu/SLAM/2D-SLAM/build/CMakeFiles/CMakeTmp

Run Build Command(s):/usr/bin/gmake -f Makefile cmTC_0e161/fast && /usr/bin/gmake  -f CMakeFiles/cmTC_0e161.dir/build.make CMakeFiles/cmTC_0e161.dir/build
gmake[1]: 进入目录“/home/anxixu/SLAM/2D-SLAM/build/CMakeFiles/CMakeTmp”
Building C object CMakeFiles/cmTC_0e161.dir/test_mpi.c.o
/usr/bin/cc    -o CMakeFiles/cmTC_0e161.dir/test_mpi.c.o -c /usr/share/cmake-3.22/Modules/FindMPI/test_mpi.c
/usr/share/cmake-3.22/Modules/FindMPI/test_mpi.c:1:10: fatal error: mpi.h: 没有那个文件或目录
    1 | #include <mpi.h>
      |          ^~~~~~~
compilation terminated.
gmake[1]: *** [CMakeFiles/cmTC_0e161.dir/build.make:78：CMakeFiles/cmTC_0e161.dir/test_mpi.c.o] 错误 1
gmake[1]: 离开目录“/home/anxixu/SLAM/2D-SLAM/build/CMakeFiles/CMakeTmp”
gmake: *** [Makefile:127：cmTC_0e161/fast] 错误 2



The MPI test test_mpi for C in mode normal failed to compile with the following output:
Change Dir: /home/anxixu/SLAM/2D-SLAM/build/CMakeFiles/CMakeTmp

Run Build Command(s):/usr/bin/gmake -f Makefile cmTC_5c0c1/fast && /usr/bin/gmake  -f CMakeFiles/cmTC_5c0c1.dir/build.make CMakeFiles/cmTC_5c0c1.dir/build
gmake[1]: 进入目录“/home/anxixu/SLAM/2D-SLAM/build/CMakeFiles/CMakeTmp”
Building C object CMakeFiles/cmTC_5c0c1.dir/test_mpi.c.o
/usr/bin/cc    -o CMakeFiles/cmTC_5c0c1.dir/test_mpi.c.o -c /usr/share/cmake-3.22/Modules/FindMPI/test_mpi.c
/usr/share/cmake-3.22/Modules/FindMPI/test_mpi.c:1:10: fatal error: mpi.h: 没有那个文件或目录
    1 | #include <mpi.h>
      |          ^~~~~~~
compilation terminated.
gmake[1]: *** [CMakeFiles/cmTC_5c0c1.dir/build.make:78：CMakeFiles/cmTC_5c0c1.dir/test_mpi.c.o] 错误 1
gmake[1]: 离开目录“/home/anxixu/SLAM/2D-SLAM/build/CMakeFiles/CMakeTmp”
gmake: *** [Makefile:127：cmTC_5c0c1/fast] 错误 2



The MPI test test_mpi for C in mode normal failed to compile with the following output:
Change Dir: /home/anxixu/SLAM/2D-SLAM/build/CMakeFiles/CMakeTmp

Run Build Command(s):/usr/bin/gmake -f Makefile cmTC_a05fe/fast && /usr/bin/gmake  -f CMakeFiles/cmTC_a05fe.dir/build.make CMakeFiles/cmTC_a05fe.dir/build
gmake[1]: 进入目录“/home/anxixu/SLAM/2D-SLAM/build/CMakeFiles/CMakeTmp”
Building C object CMakeFiles/cmTC_a05fe.dir/test_mpi.c.o
/usr/bin/cc    -o CMakeFiles/cmTC_a05fe.dir/test_mpi.c.o -c /usr/share/cmake-3.22/Modules/FindMPI/test_mpi.c
/usr/share/cmake-3.22/Modules/FindMPI/test_mpi.c:1:10: fatal error: mpi.h: 没有那个文件或目录
    1 | #include <mpi.h>
      |          ^~~~~~~
compilation terminated.
gmake[1]: *** [CMakeFiles/cmTC_a05fe.dir/build.make:78：CMakeFiles/cmTC_a05fe.dir/test_mpi.c.o] 错误 1
gmake[1]: 离开目录“/home/anxixu/SLAM/2D-SLAM/build/CMakeFiles/CMakeTmp”
gmake: *** [Makefile:127：cmTC_a05fe/fast] 错误 2



The MPI test test_mpi for C in mode normal failed to compile with the following output:
Change Dir: /home/anxixu/SLAM/2D-SLAM/build/CMakeFiles/CMakeTmp

Run Build Command(s):/usr/bin/gmake -f Makefile cmTC_4cf8b/fast && /usr/bin/gmake  -f CMakeFiles/cmTC_4cf8b.dir/build.make CMakeFiles/cmTC_4cf8b.dir/build
gmake[1]: 进入目录“/home/anxixu/SLAM/2D-SLAM/build/CMakeFiles/CMakeTmp”
Building C object CMakeFiles/cmTC_4cf8b.dir/test_mpi.c.o
/usr/bin/cc    -o CMakeFiles/cmTC_4cf8b.dir/test_mpi.c.o -c /usr/share/cmake-3.22/Modules/FindMPI/test_mpi.c
/usr/share/cmake-3.22/Modules/FindMPI/test_mpi.c:1:10: fatal error: mpi.h: 没有那个文件或目录
    1 | #include <mpi.h>
      |          ^~~~~~~
compilation terminated.
gmake[1]: *** [CMakeFiles/cmTC_4cf8b.dir/build.make:78：CMakeFiles/cmTC_4cf8b.dir/test_mpi.c.o] 错误 1
gmake[1]: 离开目录“/home/anxixu/SLAM/2D-SLAM/build/CMakeFiles/CMakeTmp”
gmake: *** [Makefile:127：cmTC_4cf8b/fast] 错误 2



The MPI test test_mpi for C in mode normal failed to compile with the following output:
Change Dir: /home/anxixu/SLAM/2D-SLAM/build/CMakeFiles/CMakeTmp

Run Build Command(s):/usr/bin/gmake -f Makefile cmTC_83bda/fast && /usr/bin/gmake  -f CMakeFiles/cmTC_83bda.dir/build.make CMakeFiles/cmTC_83bda.dir/build
gmake[1]: 进入目录“/home/anxixu/SLAM/2D-SLAM/build/CMakeFiles/CMakeTmp”
Building C object CMakeFiles/cmTC_83bda.dir/test_mpi.c.o
/usr/bin/cc    -o CMakeFiles/cmTC_83bda.dir/test_mpi.c.o -c /usr/share/cmake-3.22/Modules/FindMPI/test_mpi.c
/usr/share/cmake-3.22/Modules/FindMPI/test_mpi.c:1:10: fatal error: mpi.h: 没有那个文件或目录
    1 | #include <mpi.h>
      |          ^~~~~~~
compilation terminated.
gmake[1]: *** [CMakeFiles/cmTC_83bda.dir/build.make:78：CMakeFiles/cmTC_83bda.dir/test_mpi.c.o] 错误 1
gmake[1]: 离开目录“/home/anxixu/SLAM/2D-SLAM/build/CMakeFiles/CMakeTmp”
gmake: *** [Makefile:127：cmTC_83bda/fast] 错误 2



The MPI test test_mpi for C in mode normal failed to compile with the following output:
Change Dir: /home/anxixu/SLAM/2D-SLAM/build/CMakeFiles/CMakeTmp

Run Build Command(s):/usr/bin/gmake -f Makefile cmTC_f3243/fast && /usr/bin/gmake  -f CMakeFiles/cmTC_f3243.dir/build.make CMakeFiles/cmTC_f3243.dir/build
gmake[1]: 进入目录“/home/anxixu/SLAM/2D-SLAM/build/CMakeFiles/CMakeTmp”
Building C object CMakeFiles/cmTC_f3243.dir/test_mpi.c.o
/usr/bin/cc    -o CMakeFiles/cmTC_f3243.dir/test_mpi.c.o -c /usr/share/cmake-3.22/Modules/FindMPI/test_mpi.c
/usr/share/cmake-3.22/Modules/FindMPI/test_mpi.c:1:10: fatal error: mpi.h: 没有那个文件或目录
    1 | #include <mpi.h>
      |          ^~~~~~~
compilation terminated.
gmake[1]: *** [CMakeFiles/cmTC_f3243.dir/build.make:78：CMakeFiles/cmTC_f3243.dir/test_mpi.c.o] 错误 1
gmake[1]: 离开目录“/home/anxixu/SLAM/2D-SLAM/build/CMakeFiles/CMakeTmp”
gmake: *** [Makefile:127：cmTC_f3243/fast] 错误 2



The MPI test test_mpi for C in mode normal failed to compile with the following output:
Change Dir: /home/anxixu/SLAM/2D-SLAM/build/CMakeFiles/CMakeTmp

Run Build Command(s):/usr/bin/gmake -f Makefile cmTC_e15bd/fast && /usr/bin/gmake  -f CMakeFiles/cmTC_e15bd.dir/build.make CMakeFiles/cmTC_e15bd.dir/build
gmake[1]: 进入目录“/home/anxixu/SLAM/2D-SLAM/build/CMakeFiles/CMakeTmp”
Building C object CMakeFiles/cmTC_e15bd.dir/test_mpi.c.o
/usr/bin/cc    -o CMakeFiles/cmTC_e15bd.dir/test_mpi.c.o -c /usr/share/cmake-3.22/Modules/FindMPI/test_mpi.c
/usr/share/cmake-3.22/Modules/FindMPI/test_mpi.c:1:10: fatal error: mpi.h: 没有那个文件或目录
    1 | #include <mpi.h>
      |          ^~~~~~~
compilation terminated.
gmake[1]: *** [CMakeFiles/cmTC_e15bd.dir/build.make:78：CMakeFiles/cmTC_e15bd.dir/test_mpi.c.o] 错误 1
gmake[1]: 离开目录“/home/anxixu/SLAM/2D-SLAM/build/CMakeFiles/CMakeTmp”
gmake: *** [Makefile:127：cmTC_e15bd/fast] 错误 2



The MPI test test_mpi for C in mode normal failed to compile with the following output:
Change Dir: /home/anxixu/SLAM/2D-SLAM/build/CMakeFiles/CMakeTmp

Run Build Command(s):/usr/bin/gmake -f Makefile cmTC_90043/fast && /usr/bin/gmake  -f CMakeFiles/cmTC_90043.dir/build.make CMakeFiles/cmTC_90043.dir/build
gmake[1]: 进入目录“/home/anxixu/SLAM/2D-SLAM/build/CMakeFiles/CMakeTmp”
Building C object CMakeFiles/cmTC_90043.dir/test_mpi.c.o
/usr/bin/cc    -o CMakeFiles/cmTC_90043.dir/test_mpi.c.o -c /usr/share/cmake-3.22/Modules/FindMPI/test_mpi.c
/usr/share/cmake-3.22/Modules/FindMPI/test_mpi.c:1:10: fatal error: mpi.h: 没有那个文件或目录
    1 | #include <mpi.h>
      |          ^~~~~~~
compilation terminated.
gmake[1]: *** [CMakeFiles/cmTC_90043.dir/build.make:78：CMakeFiles/cmTC_90043.dir/test_mpi.c.o] 错误 1
gmake[1]: 离开目录“/home/anxixu/SLAM/2D-SLAM/build/CMakeFiles/CMakeTmp”
gmake: *** [Makefile:127：cmTC_90043/fast] 错误 2



The MPI test test_mpi for C in mode normal failed to compile with the following output:
Change Dir: /home/anxixu/SLAM/2D-SLAM/build/CMakeFiles/CMakeTmp

Run Build Command(s):/usr/bin/gmake -f Makefile cmTC_4e85c/fast && /usr/bin/gmake  -f CMakeFiles/cmTC_4e85c.dir/build.make CMakeFiles/cmTC_4e85c.dir/build
gmake[1]: 进入目录“/home/anxixu/SLAM/2D-SLAM/build/CMakeFiles/CMakeTmp”
Building C object CMakeFiles/cmTC_4e85c.dir/test_mpi.c.o
/usr/bin/cc    -o CMakeFiles/cmTC_4e85c.dir/test_mpi.c.o -c /usr/share/cmake-3.22/Modules/FindMPI/test_mpi.c
/usr/share/cmake-3.22/Modules/FindMPI/test_mpi.c:1:10: fatal error: mpi.h: 没有那个文件或目录
    1 | #include <mpi.h>
      |          ^~~~~~~
compilation terminated.
gmake[1]: *** [CMakeFiles/cmTC_4e85c.dir/build.make:78：CMakeFiles/cmTC_4e85c.dir/test_mpi.c.o] 错误 1
gmake[1]: 离开目录“/home/anxixu/SLAM/2D-SLAM/build/CMakeFiles/CMakeTmp”
gmake: *** [Makefile:127：cmTC_4e85c/fast] 错误 2



The MPI test test_mpi for C in mode normal failed to compile with the following output:
Change Dir: /home/anxixu/SLAM/2D-SLAM/build/CMakeFiles/CMakeTmp

Run Build Command(s):/usr/bin/gmake -f Makefile cmTC_46a92/fast && /usr/bin/gmake  -f CMakeFiles/cmTC_46a92.dir/build.make CMakeFiles/cmTC_46a92.dir/build
gmake[1]: 进入目录“/home/anxixu/SLAM/2D-SLAM/build/CMakeFiles/CMakeTmp”
Building C object CMakeFiles/cmTC_46a92.dir/test_mpi.c.o
/usr/bin/cc    -o CMakeFiles/cmTC_46a92.dir/test_mpi.c.o -c /usr/share/cmake-3.22/Modules/FindMPI/test_mpi.c
/usr/share/cmake-3.22/Modules/FindMPI/test_mpi.c:1:10: fatal error: mpi.h: 没有那个文件或目录
    1 | #include <mpi.h>
      |          ^~~~~~~
compilation terminated.
gmake[1]: *** [CMakeFiles/cmTC_46a92.dir/build.make:78：CMakeFiles/cmTC_46a92.dir/test_mpi.c.o] 错误 1
gmake[1]: 离开目录“/home/anxixu/SLAM/2D-SLAM/build/CMakeFiles/CMakeTmp”
gmake: *** [Makefile:127：cmTC_46a92/fast] 错误 2



The MPI test test_mpi for C in mode normal failed to compile with the following output:
Change Dir: /home/anxixu/SLAM/2D-SLAM/build/CMakeFiles/CMakeTmp

Run Build Command(s):/usr/bin/gmake -f Makefile cmTC_b61bd/fast && /usr/bin/gmake  -f CMakeFiles/cmTC_b61bd.dir/build.make CMakeFiles/cmTC_b61bd.dir/build
gmake[1]: 进入目录“/home/anxixu/SLAM/2D-SLAM/build/CMakeFiles/CMakeTmp”
Building C object CMakeFiles/cmTC_b61bd.dir/test_mpi.c.o
/usr/bin/cc    -o CMakeFiles/cmTC_b61bd.dir/test_mpi.c.o -c /usr/share/cmake-3.22/Modules/FindMPI/test_mpi.c
/usr/share/cmake-3.22/Modules/FindMPI/test_mpi.c:1:10: fatal error: mpi.h: 没有那个文件或目录
    1 | #include <mpi.h>
      |          ^~~~~~~
compilation terminated.
gmake[1]: *** [CMakeFiles/cmTC_b61bd.dir/build.make:78：CMakeFiles/cmTC_b61bd.dir/test_mpi.c.o] 错误 1
gmake[1]: 离开目录“/home/anxixu/SLAM/2D-SLAM/build/CMakeFiles/CMakeTmp”
gmake: *** [Makefile:127：cmTC_b61bd/fast] 错误 2



The MPI test test_mpi for C in mode normal failed to compile with the following output:
Change Dir: /home/anxixu/SLAM/2D-SLAM/build/CMakeFiles/CMakeTmp

Run Build Command(s):/usr/bin/gmake -f Makefile cmTC_a091f/fast && /usr/bin/gmake  -f CMakeFiles/cmTC_a091f.dir/build.make CMakeFiles/cmTC_a091f.dir/build
gmake[1]: 进入目录“/home/anxixu/SLAM/2D-SLAM/build/CMakeFiles/CMakeTmp”
Building C object CMakeFiles/cmTC_a091f.dir/test_mpi.c.o
/usr/bin/cc    -o CMakeFiles/cmTC_a091f.dir/test_mpi.c.o -c /usr/share/cmake-3.22/Modules/FindMPI/test_mpi.c
/usr/share/cmake-3.22/Modules/FindMPI/test_mpi.c:1:10: fatal error: mpi.h: 没有那个文件或目录
    1 | #include <mpi.h>
      |          ^~~~~~~
compilation terminated.
gmake[1]: *** [CMakeFiles/cmTC_a091f.dir/build.make:78：CMakeFiles/cmTC_a091f.dir/test_mpi.c.o] 错误 1
gmake[1]: 离开目录“/home/anxixu/SLAM/2D-SLAM/build/CMakeFiles/CMakeTmp”
gmake: *** [Makefile:127：cmTC_a091f/fast] 错误 2



The MPI test test_mpi for C in mode normal failed to compile with the following output:
Change Dir: /home/anxixu/SLAM/2D-SLAM/build/CMakeFiles/CMakeTmp

Run Build Command(s):/usr/bin/gmake -f Makefile cmTC_d5f22/fast && /usr/bin/gmake  -f CMakeFiles/cmTC_d5f22.dir/build.make CMakeFiles/cmTC_d5f22.dir/build
gmake[1]: 进入目录“/home/anxixu/SLAM/2D-SLAM/build/CMakeFiles/CMakeTmp”
Building C object CMakeFiles/cmTC_d5f22.dir/test_mpi.c.o
/usr/bin/cc    -o CMakeFiles/cmTC_d5f22.dir/test_mpi.c.o -c /usr/share/cmake-3.22/Modules/FindMPI/test_mpi.c
/usr/share/cmake-3.22/Modules/FindMPI/test_mpi.c:1:10: fatal error: mpi.h: 没有那个文件或目录
    1 | #include <mpi.h>
      |          ^~~~~~~
compilation terminated.
gmake[1]: *** [CMakeFiles/cmTC_d5f22.dir/build.make:78：CMakeFiles/cmTC_d5f22.dir/test_mpi.c.o] 错误 1
gmake[1]: 离开目录“/home/anxixu/SLAM/2D-SLAM/build/CMakeFiles/CMakeTmp”
gmake: *** [Makefile:127：cmTC_d5f22/fast] 错误 2



The MPI test test_mpi for C in mode normal failed to compile with the following output:
Change Dir: /home/anxixu/SLAM/2D-SLAM/build/CMakeFiles/CMakeTmp

Run Build Command(s):/usr/bin/gmake -f Makefile cmTC_7e06c/fast && /usr/bin/gmake  -f CMakeFiles/cmTC_7e06c.dir/build.make CMakeFiles/cmTC_7e06c.dir/build
gmake[1]: 进入目录“/home/anxixu/SLAM/2D-SLAM/build/CMakeFiles/CMakeTmp”
Building C object CMakeFiles/cmTC_7e06c.dir/test_mpi.c.o
/usr/bin/cc    -o CMakeFiles/cmTC_7e06c.dir/test_mpi.c.o -c /usr/share/cmake-3.22/Modules/FindMPI/test_mpi.c
/usr/share/cmake-3.22/Modules/FindMPI/test_mpi.c:1:10: fatal error: mpi.h: 没有那个文件或目录
    1 | #include <mpi.h>
      |          ^~~~~~~
compilation terminated.
gmake[1]: *** [CMakeFiles/cmTC_7e06c.dir/build.make:78：CMakeFiles/cmTC_7e06c.dir/test_mpi.c.o] 错误 1
gmake[1]: 离开目录“/home/anxixu/SLAM/2D-SLAM/build/CMakeFiles/CMakeTmp”
gmake: *** [Makefile:127：cmTC_7e06c/fast] 错误 2



The MPI test test_mpi for C in mode normal failed to compile with the following output:
Change Dir: /home/anxixu/SLAM/2D-SLAM/build/CMakeFiles/CMakeTmp

Run Build Command(s):/usr/bin/gmake -f Makefile cmTC_586a6/fast && /usr/bin/gmake  -f CMakeFiles/cmTC_586a6.dir/build.make CMakeFiles/cmTC_586a6.dir/build
gmake[1]: 进入目录“/home/anxixu/SLAM/2D-SLAM/build/CMakeFiles/CMakeTmp”
Building C object CMakeFiles/cmTC_586a6.dir/test_mpi.c.o
/usr/bin/cc    -o CMakeFiles/cmTC_586a6.dir/test_mpi.c.o -c /usr/share/cmake-3.22/Modules/FindMPI/test_mpi.c
/usr/share/cmake-3.22/Modules/FindMPI/test_mpi.c:1:10: fatal error: mpi.h: 没有那个文件或目录
    1 | #include <mpi.h>
      |          ^~~~~~~
compilation terminated.
gmake[1]: *** [CMakeFiles/cmTC_586a6.dir/build.make:78：CMakeFiles/cmTC_586a6.dir/test_mpi.c.o] 错误 1
gmake[1]: 离开目录“/home/anxixu/SLAM/2D-SLAM/build/CMakeFiles/CMakeTmp”
gmake: *** [Makefile:127：cmTC_586a6/fast] 错误 2



The MPI test test_mpi for C in mode normal failed to compile with the following output:
Change Dir: /home/anxixu/SLAM/2D-SLAM/build/CMakeFiles/CMakeTmp

Run Build Command(s):/usr/bin/gmake -f Makefile cmTC_a0acd/fast && /usr/bin/gmake  -f CMakeFiles/cmTC_a0acd.dir/build.make CMakeFiles/cmTC_a0acd.dir/build
gmake[1]: 进入目录“/home/anxixu/SLAM/2D-SLAM/build/CMakeFiles/CMakeTmp”
Building C object CMakeFiles/cmTC_a0acd.dir/test_mpi.c.o
/usr/bin/cc    -o CMakeFiles/cmTC_a0acd.dir/test_mpi.c.o -c /usr/share/cmake-3.22/Modules/FindMPI/test_mpi.c
/usr/share/cmake-3.22/Modules/FindMPI/test_mpi.c:1:10: fatal error: mpi.h: 没有那个文件或目录
    1 | #include <mpi.h>
      |          ^~~~~~~
compilation terminated.
gmake[1]: *** [CMakeFiles/cmTC_a0acd.dir/build.make:78：CMakeFiles/cmTC_a0acd.dir/test_mpi.c.o] 错误 1
gmake[1]: 离开目录“/home/anxixu/SLAM/2D-SLAM/build/CMakeFiles/CMakeTmp”
gmake: *** [Makefile:127：cmTC_a0acd/fast] 错误 2



The MPI test test_mpi for C in mode normal failed to compile with the following output:
Change Dir: /home/anxixu/SLAM/2D-SLAM/build/CMakeFiles/CMakeTmp

Run Build Command(s):/usr/bin/gmake -f Makefile cmTC_5e2e4/fast && /usr/bin/gmake  -f CMakeFiles/cmTC_5e2e4.dir/build.make CMakeFiles/cmTC_5e2e4.dir/build
gmake[1]: 进入目录“/home/anxixu/SLAM/2D-SLAM/build/CMakeFiles/CMakeTmp”
Building C object CMakeFiles/cmTC_5e2e4.dir/test_mpi.c.o
/usr/bin/cc    -o CMakeFiles/cmTC_5e2e4.dir/test_mpi.c.o -c /usr/share/cmake-3.22/Modules/FindMPI/test_mpi.c
/usr/share/cmake-3.22/Modules/FindMPI/test_mpi.c:1:10: fatal error: mpi.h: 没有那个文件或目录
    1 | #include <mpi.h>
      |          ^~~~~~~
compilation terminated.
gmake[1]: *** [CMakeFiles/cmTC_5e2e4.dir/build.make:78：CMakeFiles/cmTC_5e2e4.dir/test_mpi.c.o] 错误 1
gmake[1]: 离开目录“/home/anxixu/SLAM/2D-SLAM/build/CMakeFiles/CMakeTmp”
gmake: *** [Makefile:127：cmTC_5e2e4/fast] 错误 2



The MPI test test_mpi for C in mode normal failed to compile with the following output:
Change Dir: /home/anxixu/SLAM/2D-SLAM/build/CMakeFiles/CMakeTmp

Run Build Command(s):/usr/bin/gmake -f Makefile cmTC_9d744/fast && /usr/bin/gmake  -f CMakeFiles/cmTC_9d744.dir/build.make CMakeFiles/cmTC_9d744.dir/build
gmake[1]: 进入目录“/home/anxixu/SLAM/2D-SLAM/build/CMakeFiles/CMakeTmp”
Building C object CMakeFiles/cmTC_9d744.dir/test_mpi.c.o
/usr/bin/cc    -o CMakeFiles/cmTC_9d744.dir/test_mpi.c.o -c /usr/share/cmake-3.22/Modules/FindMPI/test_mpi.c
/usr/share/cmake-3.22/Modules/FindMPI/test_mpi.c:1:10: fatal error: mpi.h: 没有那个文件或目录
    1 | #include <mpi.h>
      |          ^~~~~~~
compilation terminated.
gmake[1]: *** [CMakeFiles/cmTC_9d744.dir/build.make:78：CMakeFiles/cmTC_9d744.dir/test_mpi.c.o] 错误 1
gmake[1]: 离开目录“/home/anxixu/SLAM/2D-SLAM/build/CMakeFiles/CMakeTmp”
gmake: *** [Makefile:127：cmTC_9d744/fast] 错误 2



The MPI test test_mpi for C in mode normal failed to compile with the following output:
Change Dir: /home/anxixu/SLAM/2D-SLAM/build/CMakeFiles/CMakeTmp

Run Build Command(s):/usr/bin/gmake -f Makefile cmTC_1956d/fast && /usr/bin/gmake  -f CMakeFiles/cmTC_1956d.dir/build.make CMakeFiles/cmTC_1956d.dir/build
gmake[1]: 进入目录“/home/anxixu/SLAM/2D-SLAM/build/CMakeFiles/CMakeTmp”
Building C object CMakeFiles/cmTC_1956d.dir/test_mpi.c.o
/usr/bin/cc    -o CMakeFiles/cmTC_1956d.dir/test_mpi.c.o -c /usr/share/cmake-3.22/Modules/FindMPI/test_mpi.c
/usr/share/cmake-3.22/Modules/FindMPI/test_mpi.c:1:10: fatal error: mpi.h: 没有那个文件或目录
    1 | #include <mpi.h>
      |          ^~~~~~~
compilation terminated.
gmake[1]: *** [CMakeFiles/cmTC_1956d.dir/build.make:78：CMakeFiles/cmTC_1956d.dir/test_mpi.c.o] 错误 1
gmake[1]: 离开目录“/home/anxixu/SLAM/2D-SLAM/build/CMakeFiles/CMakeTmp”
gmake: *** [Makefile:127：cmTC_1956d/fast] 错误 2



The MPI test test_mpi for C in mode normal failed to compile with the following output:
Change Dir: /home/anxixu/SLAM/2D-SLAM/build/CMakeFiles/CMakeTmp

Run Build Command(s):/usr/bin/gmake -f Makefile cmTC_fb377/fast && /usr/bin/gmake  -f CMakeFiles/cmTC_fb377.dir/build.make CMakeFiles/cmTC_fb377.dir/build
gmake[1]: 进入目录“/home/anxixu/SLAM/2D-SLAM/build/CMakeFiles/CMakeTmp”
Building C object CMakeFiles/cmTC_fb377.dir/test_mpi.c.o
/usr/bin/cc    -o CMakeFiles/cmTC_fb377.dir/test_mpi.c.o -c /usr/share/cmake-3.22/Modules/FindMPI/test_mpi.c
/usr/share/cmake-3.22/Modules/FindMPI/test_mpi.c:1:10: fatal error: mpi.h: 没有那个文件或目录
    1 | #include <mpi.h>
      |          ^~~~~~~
compilation terminated.
gmake[1]: *** [CMakeFiles/cmTC_fb377.dir/build.make:78：CMakeFiles/cmTC_fb377.dir/test_mpi.c.o] 错误 1
gmake[1]: 离开目录“/home/anxixu/SLAM/2D-SLAM/build/CMakeFiles/CMakeTmp”
gmake: *** [Makefile:127：cmTC_fb377/fast] 错误 2



The MPI test test_mpi for C in mode normal failed to compile with the following output:
Change Dir: /home/anxixu/SLAM/2D-SLAM/build/CMakeFiles/CMakeTmp

Run Build Command(s):/usr/bin/gmake -f Makefile cmTC_a4033/fast && /usr/bin/gmake  -f CMakeFiles/cmTC_a4033.dir/build.make CMakeFiles/cmTC_a4033.dir/build
gmake[1]: 进入目录“/home/anxixu/SLAM/2D-SLAM/build/CMakeFiles/CMakeTmp”
Building C object CMakeFiles/cmTC_a4033.dir/test_mpi.c.o
/usr/bin/cc    -o CMakeFiles/cmTC_a4033.dir/test_mpi.c.o -c /usr/share/cmake-3.22/Modules/FindMPI/test_mpi.c
/usr/share/cmake-3.22/Modules/FindMPI/test_mpi.c:1:10: fatal error: mpi.h: 没有那个文件或目录
    1 | #include <mpi.h>
      |          ^~~~~~~
compilation terminated.
gmake[1]: *** [CMakeFiles/cmTC_a4033.dir/build.make:78：CMakeFiles/cmTC_a4033.dir/test_mpi.c.o] 错误 1
gmake[1]: 离开目录“/home/anxixu/SLAM/2D-SLAM/build/CMakeFiles/CMakeTmp”
gmake: *** [Makefile:127：cmTC_a4033/fast] 错误 2



The MPI test test_mpi for C in mode normal failed to compile with the following output:
Change Dir: /home/anxixu/SLAM/2D-SLAM/build/CMakeFiles/CMakeTmp

Run Build Command(s):/usr/bin/gmake -f Makefile cmTC_2e4a1/fast && /usr/bin/gmake  -f CMakeFiles/cmTC_2e4a1.dir/build.make CMakeFiles/cmTC_2e4a1.dir/build
gmake[1]: 进入目录“/home/anxixu/SLAM/2D-SLAM/build/CMakeFiles/CMakeTmp”
Building C object CMakeFiles/cmTC_2e4a1.dir/test_mpi.c.o
/usr/bin/cc    -o CMakeFiles/cmTC_2e4a1.dir/test_mpi.c.o -c /usr/share/cmake-3.22/Modules/FindMPI/test_mpi.c
/usr/share/cmake-3.22/Modules/FindMPI/test_mpi.c:1:10: fatal error: mpi.h: 没有那个文件或目录
    1 | #include <mpi.h>
      |          ^~~~~~~
compilation terminated.
gmake[1]: *** [CMakeFiles/cmTC_2e4a1.dir/build.make:78：CMakeFiles/cmTC_2e4a1.dir/test_mpi.c.o] 错误 1
gmake[1]: 离开目录“/home/anxixu/SLAM/2D-SLAM/build/CMakeFiles/CMakeTmp”
gmake: *** [Makefile:127：cmTC_2e4a1/fast] 错误 2



The MPI test test_mpi for C in mode normal failed to compile with the following output:
Change Dir: /home/anxixu/SLAM/2D-SLAM/build/CMakeFiles/CMakeTmp

Run Build Command(s):/usr/bin/gmake -f Makefile cmTC_87210/fast && /usr/bin/gmake  -f CMakeFiles/cmTC_87210.dir/build.make CMakeFiles/cmTC_87210.dir/build
gmake[1]: 进入目录“/home/anxixu/SLAM/2D-SLAM/build/CMakeFiles/CMakeTmp”
Building C object CMakeFiles/cmTC_87210.dir/test_mpi.c.o
/usr/bin/cc    -o CMakeFiles/cmTC_87210.dir/test_mpi.c.o -c /usr/share/cmake-3.22/Modules/FindMPI/test_mpi.c
/usr/share/cmake-3.22/Modules/FindMPI/test_mpi.c:1:10: fatal error: mpi.h: 没有那个文件或目录
    1 | #include <mpi.h>
      |          ^~~~~~~
compilation terminated.
gmake[1]: *** [CMakeFiles/cmTC_87210.dir/build.make:78：CMakeFiles/cmTC_87210.dir/test_mpi.c.o] 错误 1
gmake[1]: 离开目录“/home/anxixu/SLAM/2D-SLAM/build/CMakeFiles/CMakeTmp”
gmake: *** [Makefile:127：cmTC_87210/fast] 错误 2



The MPI test test_mpi for C in mode normal failed to compile with the following output:
Change Dir: /home/anxixu/SLAM/2D-SLAM/build/CMakeFiles/CMakeTmp

Run Build Command(s):/usr/bin/gmake -f Makefile cmTC_b7fb1/fast && /usr/bin/gmake  -f CMakeFiles/cmTC_b7fb1.dir/build.make CMakeFiles/cmTC_b7fb1.dir/build
gmake[1]: 进入目录“/home/anxixu/SLAM/2D-SLAM/build/CMakeFiles/CMakeTmp”
Building C object CMakeFiles/cmTC_b7fb1.dir/test_mpi.c.o
/usr/bin/cc    -o CMakeFiles/cmTC_b7fb1.dir/test_mpi.c.o -c /usr/share/cmake-3.22/Modules/FindMPI/test_mpi.c
/usr/share/cmake-3.22/Modules/FindMPI/test_mpi.c:1:10: fatal error: mpi.h: 没有那个文件或目录
    1 | #include <mpi.h>
      |          ^~~~~~~
compilation terminated.
gmake[1]: *** [CMakeFiles/cmTC_b7fb1.dir/build.make:78：CMakeFiles/cmTC_b7fb1.dir/test_mpi.c.o] 错误 1
gmake[1]: 离开目录“/home/anxixu/SLAM/2D-SLAM/build/CMakeFiles/CMakeTmp”
gmake: *** [Makefile:127：cmTC_b7fb1/fast] 错误 2



The MPI test test_mpi for C in mode normal failed to compile with the following output:
Change Dir: /home/anxixu/SLAM/2D-SLAM/build/CMakeFiles/CMakeTmp

Run Build Command(s):/usr/bin/gmake -f Makefile cmTC_5f7df/fast && /usr/bin/gmake  -f CMakeFiles/cmTC_5f7df.dir/build.make CMakeFiles/cmTC_5f7df.dir/build
gmake[1]: 进入目录“/home/anxixu/SLAM/2D-SLAM/build/CMakeFiles/CMakeTmp”
Building C object CMakeFiles/cmTC_5f7df.dir/test_mpi.c.o
/usr/bin/cc    -o CMakeFiles/cmTC_5f7df.dir/test_mpi.c.o -c /usr/share/cmake-3.22/Modules/FindMPI/test_mpi.c
/usr/share/cmake-3.22/Modules/FindMPI/test_mpi.c:1:10: fatal error: mpi.h: 没有那个文件或目录
    1 | #include <mpi.h>
      |          ^~~~~~~
compilation terminated.
gmake[1]: *** [CMakeFiles/cmTC_5f7df.dir/build.make:78：CMakeFiles/cmTC_5f7df.dir/test_mpi.c.o] 错误 1
gmake[1]: 离开目录“/home/anxixu/SLAM/2D-SLAM/build/CMakeFiles/CMakeTmp”
gmake: *** [Makefile:127：cmTC_5f7df/fast] 错误 2



The MPI test test_mpi for C in mode normal failed to compile with the following output:
Change Dir: /home/anxixu/SLAM/2D-SLAM/build/CMakeFiles/CMakeTmp

Run Build Command(s):/usr/bin/gmake -f Makefile cmTC_6532a/fast && /usr/bin/gmake  -f CMakeFiles/cmTC_6532a.dir/build.make CMakeFiles/cmTC_6532a.dir/build
gmake[1]: 进入目录“/home/anxixu/SLAM/2D-SLAM/build/CMakeFiles/CMakeTmp”
Building C object CMakeFiles/cmTC_6532a.dir/test_mpi.c.o
/usr/bin/cc    -o CMakeFiles/cmTC_6532a.dir/test_mpi.c.o -c /usr/share/cmake-3.22/Modules/FindMPI/test_mpi.c
/usr/share/cmake-3.22/Modules/FindMPI/test_mpi.c:1:10: fatal error: mpi.h: 没有那个文件或目录
    1 | #include <mpi.h>
      |          ^~~~~~~
compilation terminated.
gmake[1]: *** [CMakeFiles/cmTC_6532a.dir/build.make:78：CMakeFiles/cmTC_6532a.dir/test_mpi.c.o] 错误 1
gmake[1]: 离开目录“/home/anxixu/SLAM/2D-SLAM/build/CMakeFiles/CMakeTmp”
gmake: *** [Makefile:127：cmTC_6532a/fast] 错误 2



The MPI test test_mpi for C in mode normal failed to compile with the following output:
Change Dir: /home/anxixu/SLAM/2D-SLAM/build/CMakeFiles/CMakeTmp

Run Build Command(s):/usr/bin/gmake -f Makefile cmTC_b664e/fast && /usr/bin/gmake  -f CMakeFiles/cmTC_b664e.dir/build.make CMakeFiles/cmTC_b664e.dir/build
gmake[1]: 进入目录“/home/anxixu/SLAM/2D-SLAM/build/CMakeFiles/CMakeTmp”
Building C object CMakeFiles/cmTC_b664e.dir/test_mpi.c.o
/usr/bin/cc    -o CMakeFiles/cmTC_b664e.dir/test_mpi.c.o -c /usr/share/cmake-3.22/Modules/FindMPI/test_mpi.c
/usr/share/cmake-3.22/Modules/FindMPI/test_mpi.c:1:10: fatal error: mpi.h: 没有那个文件或目录
    1 | #include <mpi.h>
      |          ^~~~~~~
compilation terminated.
gmake[1]: *** [CMakeFiles/cmTC_b664e.dir/build.make:78：CMakeFiles/cmTC_b664e.dir/test_mpi.c.o] 错误 1
gmake[1]: 离开目录“/home/anxixu/SLAM/2D-SLAM/build/CMakeFiles/CMakeTmp”
gmake: *** [Makefile:127：cmTC_b664e/fast] 错误 2



